I, [2019-05-31T16:41:45.093074 #61123]  INFO -- Kitchen: -----> Starting Kitchen (v1.22.0)
I, [2019-05-31T16:41:53.375878 #61123]  INFO -- Kitchen: -----> Cleaning up any prior instances of <default-ubuntu-1604>
I, [2019-05-31T16:41:53.378923 #61123]  INFO -- Kitchen: -----> Destroying <default-ubuntu-1604>...
I, [2019-05-31T16:42:02.406742 #61123]  INFO -- Kitchen: -----> Testing <default-ubuntu-1604>
I, [2019-05-31T16:42:02.410519 #61123]  INFO -- Kitchen: -----> Creating <default-ubuntu-1604>...
I, [2019-05-31T16:42:55.710824 #61123]  INFO -- Kitchen: -----> Converging <default-ubuntu-1604>...
E, [2019-05-31T16:44:04.444915 #61123] ERROR -- Kitchen: ------Exception-------
E, [2019-05-31T16:44:04.445078 #61123] ERROR -- Kitchen: Class: Kitchen::ActionFailed
E, [2019-05-31T16:44:04.445153 #61123] ERROR -- Kitchen: Message: 1 actions failed.
>>>>>>     Converge failed on instance <default-ubuntu-1604>.  Please see .kitchen/logs/default-ubuntu-1604.log for more details
E, [2019-05-31T16:44:04.445237 #61123] ERROR -- Kitchen: ----------------------
E, [2019-05-31T16:44:04.445307 #61123] ERROR -- Kitchen: ------Backtrace-------
E, [2019-05-31T16:44:04.445362 #61123] ERROR -- Kitchen: /opt/chefdk/embedded/lib/ruby/gems/2.5.0/gems/test-kitchen-1.22.0/lib/kitchen/command.rb:183:in `report_errors'
E, [2019-05-31T16:44:04.445420 #61123] ERROR -- Kitchen: /opt/chefdk/embedded/lib/ruby/gems/2.5.0/gems/test-kitchen-1.22.0/lib/kitchen/command.rb:174:in `run_action'
E, [2019-05-31T16:44:04.445472 #61123] ERROR -- Kitchen: /opt/chefdk/embedded/lib/ruby/gems/2.5.0/gems/test-kitchen-1.22.0/lib/kitchen/command/test.rb:42:in `block in call'
E, [2019-05-31T16:44:04.445526 #61123] ERROR -- Kitchen: /opt/chefdk/embedded/lib/ruby/2.5.0/benchmark.rb:293:in `measure'
E, [2019-05-31T16:44:04.445576 #61123] ERROR -- Kitchen: /opt/chefdk/embedded/lib/ruby/gems/2.5.0/gems/test-kitchen-1.22.0/lib/kitchen/command/test.rb:38:in `call'
E, [2019-05-31T16:44:04.445637 #61123] ERROR -- Kitchen: /opt/chefdk/embedded/lib/ruby/gems/2.5.0/gems/test-kitchen-1.22.0/lib/kitchen/cli.rb:52:in `perform'
E, [2019-05-31T16:44:04.445679 #61123] ERROR -- Kitchen: /opt/chefdk/embedded/lib/ruby/gems/2.5.0/gems/test-kitchen-1.22.0/lib/kitchen/cli.rb:245:in `test'
E, [2019-05-31T16:44:04.445721 #61123] ERROR -- Kitchen: /opt/chefdk/embedded/lib/ruby/gems/2.5.0/gems/thor-0.20.0/lib/thor/command.rb:27:in `run'
E, [2019-05-31T16:44:04.445764 #61123] ERROR -- Kitchen: /opt/chefdk/embedded/lib/ruby/gems/2.5.0/gems/thor-0.20.0/lib/thor/invocation.rb:126:in `invoke_command'
E, [2019-05-31T16:44:04.445807 #61123] ERROR -- Kitchen: /opt/chefdk/embedded/lib/ruby/gems/2.5.0/gems/thor-0.20.0/lib/thor.rb:387:in `dispatch'
E, [2019-05-31T16:44:04.445849 #61123] ERROR -- Kitchen: /opt/chefdk/embedded/lib/ruby/gems/2.5.0/gems/thor-0.20.0/lib/thor/base.rb:466:in `start'
E, [2019-05-31T16:44:04.445889 #61123] ERROR -- Kitchen: /opt/chefdk/embedded/lib/ruby/gems/2.5.0/gems/test-kitchen-1.22.0/bin/kitchen:13:in `block in <top (required)>'
E, [2019-05-31T16:44:04.445950 #61123] ERROR -- Kitchen: /opt/chefdk/embedded/lib/ruby/gems/2.5.0/gems/test-kitchen-1.22.0/lib/kitchen/errors.rb:171:in `with_friendly_errors'
E, [2019-05-31T16:44:04.445995 #61123] ERROR -- Kitchen: /opt/chefdk/embedded/lib/ruby/gems/2.5.0/gems/test-kitchen-1.22.0/bin/kitchen:13:in `<top (required)>'
E, [2019-05-31T16:44:04.446038 #61123] ERROR -- Kitchen: /usr/local/bin/kitchen:272:in `load'
E, [2019-05-31T16:44:04.446081 #61123] ERROR -- Kitchen: /usr/local/bin/kitchen:272:in `<main>'
E, [2019-05-31T16:44:04.446123 #61123] ERROR -- Kitchen: ----End Backtrace-----
E, [2019-05-31T16:44:04.446164 #61123] ERROR -- Kitchen: -Composite Exception--
E, [2019-05-31T16:44:04.446205 #61123] ERROR -- Kitchen: Class: Kitchen::InstanceFailure
E, [2019-05-31T16:44:04.446246 #61123] ERROR -- Kitchen: Message: Converge failed on instance <default-ubuntu-1604>.  Please see .kitchen/logs/default-ubuntu-1604.log for more details
E, [2019-05-31T16:44:04.446278 #61123] ERROR -- Kitchen: ----------------------
E, [2019-05-31T16:44:04.446331 #61123] ERROR -- Kitchen: ------Backtrace-------
E, [2019-05-31T16:44:04.446380 #61123] ERROR -- Kitchen: /opt/chefdk/embedded/lib/ruby/gems/2.5.0/gems/test-kitchen-1.22.0/lib/kitchen/provisioner/base.rb:91:in `rescue in call'
E, [2019-05-31T16:44:04.446413 #61123] ERROR -- Kitchen: /opt/chefdk/embedded/lib/ruby/gems/2.5.0/gems/test-kitchen-1.22.0/lib/kitchen/provisioner/base.rb:67:in `call'
E, [2019-05-31T16:44:04.446489 #61123] ERROR -- Kitchen: /opt/chefdk/embedded/lib/ruby/gems/2.5.0/gems/test-kitchen-1.22.0/lib/kitchen/instance.rb:393:in `block in converge_action'
E, [2019-05-31T16:44:04.446546 #61123] ERROR -- Kitchen: /opt/chefdk/embedded/lib/ruby/gems/2.5.0/gems/test-kitchen-1.22.0/lib/kitchen/instance.rb:536:in `synchronize_or_call'
E, [2019-05-31T16:44:04.446584 #61123] ERROR -- Kitchen: /opt/chefdk/embedded/lib/ruby/gems/2.5.0/gems/test-kitchen-1.22.0/lib/kitchen/instance.rb:498:in `block in action'
E, [2019-05-31T16:44:04.446608 #61123] ERROR -- Kitchen: /opt/chefdk/embedded/lib/ruby/2.5.0/benchmark.rb:293:in `measure'
E, [2019-05-31T16:44:04.446631 #61123] ERROR -- Kitchen: /opt/chefdk/embedded/lib/ruby/gems/2.5.0/gems/test-kitchen-1.22.0/lib/kitchen/instance.rb:497:in `action'
E, [2019-05-31T16:44:04.446654 #61123] ERROR -- Kitchen: /opt/chefdk/embedded/lib/ruby/gems/2.5.0/gems/test-kitchen-1.22.0/lib/kitchen/instance.rb:389:in `converge_action'
E, [2019-05-31T16:44:04.446676 #61123] ERROR -- Kitchen: /opt/chefdk/embedded/lib/ruby/gems/2.5.0/gems/test-kitchen-1.22.0/lib/kitchen/instance.rb:368:in `block in transition_to'
E, [2019-05-31T16:44:04.446699 #61123] ERROR -- Kitchen: /opt/chefdk/embedded/lib/ruby/gems/2.5.0/gems/test-kitchen-1.22.0/lib/kitchen/instance.rb:367:in `each'
E, [2019-05-31T16:44:04.446722 #61123] ERROR -- Kitchen: /opt/chefdk/embedded/lib/ruby/gems/2.5.0/gems/test-kitchen-1.22.0/lib/kitchen/instance.rb:367:in `transition_to'
E, [2019-05-31T16:44:04.446745 #61123] ERROR -- Kitchen: /opt/chefdk/embedded/lib/ruby/gems/2.5.0/gems/test-kitchen-1.22.0/lib/kitchen/instance.rb:157:in `verify'
E, [2019-05-31T16:44:04.446769 #61123] ERROR -- Kitchen: /opt/chefdk/embedded/lib/ruby/gems/2.5.0/gems/test-kitchen-1.22.0/lib/kitchen/instance.rb:186:in `block in test'
E, [2019-05-31T16:44:04.446803 #61123] ERROR -- Kitchen: /opt/chefdk/embedded/lib/ruby/2.5.0/benchmark.rb:293:in `measure'
E, [2019-05-31T16:44:04.446826 #61123] ERROR -- Kitchen: /opt/chefdk/embedded/lib/ruby/gems/2.5.0/gems/test-kitchen-1.22.0/lib/kitchen/instance.rb:182:in `test'
E, [2019-05-31T16:44:04.446849 #61123] ERROR -- Kitchen: /opt/chefdk/embedded/lib/ruby/gems/2.5.0/gems/test-kitchen-1.22.0/lib/kitchen/command.rb:197:in `public_send'
E, [2019-05-31T16:44:04.446872 #61123] ERROR -- Kitchen: /opt/chefdk/embedded/lib/ruby/gems/2.5.0/gems/test-kitchen-1.22.0/lib/kitchen/command.rb:197:in `run_action_in_thread'
E, [2019-05-31T16:44:04.446895 #61123] ERROR -- Kitchen: /opt/chefdk/embedded/lib/ruby/gems/2.5.0/gems/test-kitchen-1.22.0/lib/kitchen/command.rb:169:in `block (2 levels) in run_action'
E, [2019-05-31T16:44:04.446918 #61123] ERROR -- Kitchen: ----End Backtrace-----
E, [2019-05-31T16:44:04.446939 #61123] ERROR -- Kitchen: ---Nested Exception---
E, [2019-05-31T16:44:04.446961 #61123] ERROR -- Kitchen: Class: Kitchen::ActionFailed
E, [2019-05-31T16:44:04.446984 #61123] ERROR -- Kitchen: Message: SSH exited (1) for command: [sh -c '
TEST_KITCHEN="1"; export TEST_KITCHEN
sudo -E /opt/chef/bin/chef-client --local-mode --config /tmp/kitchen/client.rb --log_level info --force-formatter --no-color --json-attributes /tmp/kitchen/dna.json --chef-zero-port 8889 
']
E, [2019-05-31T16:44:04.447007 #61123] ERROR -- Kitchen: ----------------------
E, [2019-05-31T16:44:04.447029 #61123] ERROR -- Kitchen: ------Backtrace-------
E, [2019-05-31T16:44:04.447050 #61123] ERROR -- Kitchen: /opt/chefdk/embedded/lib/ruby/gems/2.5.0/gems/test-kitchen-1.22.0/lib/kitchen/provisioner/base.rb:91:in `rescue in call'
E, [2019-05-31T16:44:04.447073 #61123] ERROR -- Kitchen: /opt/chefdk/embedded/lib/ruby/gems/2.5.0/gems/test-kitchen-1.22.0/lib/kitchen/provisioner/base.rb:67:in `call'
E, [2019-05-31T16:44:04.447119 #61123] ERROR -- Kitchen: /opt/chefdk/embedded/lib/ruby/gems/2.5.0/gems/test-kitchen-1.22.0/lib/kitchen/instance.rb:393:in `block in converge_action'
E, [2019-05-31T16:44:04.447142 #61123] ERROR -- Kitchen: /opt/chefdk/embedded/lib/ruby/gems/2.5.0/gems/test-kitchen-1.22.0/lib/kitchen/instance.rb:536:in `synchronize_or_call'
E, [2019-05-31T16:44:04.447165 #61123] ERROR -- Kitchen: /opt/chefdk/embedded/lib/ruby/gems/2.5.0/gems/test-kitchen-1.22.0/lib/kitchen/instance.rb:498:in `block in action'
E, [2019-05-31T16:44:04.447188 #61123] ERROR -- Kitchen: /opt/chefdk/embedded/lib/ruby/2.5.0/benchmark.rb:293:in `measure'
E, [2019-05-31T16:44:04.447210 #61123] ERROR -- Kitchen: /opt/chefdk/embedded/lib/ruby/gems/2.5.0/gems/test-kitchen-1.22.0/lib/kitchen/instance.rb:497:in `action'
E, [2019-05-31T16:44:04.447233 #61123] ERROR -- Kitchen: /opt/chefdk/embedded/lib/ruby/gems/2.5.0/gems/test-kitchen-1.22.0/lib/kitchen/instance.rb:389:in `converge_action'
E, [2019-05-31T16:44:04.447255 #61123] ERROR -- Kitchen: /opt/chefdk/embedded/lib/ruby/gems/2.5.0/gems/test-kitchen-1.22.0/lib/kitchen/instance.rb:368:in `block in transition_to'
E, [2019-05-31T16:44:04.447277 #61123] ERROR -- Kitchen: /opt/chefdk/embedded/lib/ruby/gems/2.5.0/gems/test-kitchen-1.22.0/lib/kitchen/instance.rb:367:in `each'
E, [2019-05-31T16:44:04.447300 #61123] ERROR -- Kitchen: /opt/chefdk/embedded/lib/ruby/gems/2.5.0/gems/test-kitchen-1.22.0/lib/kitchen/instance.rb:367:in `transition_to'
E, [2019-05-31T16:44:04.447323 #61123] ERROR -- Kitchen: /opt/chefdk/embedded/lib/ruby/gems/2.5.0/gems/test-kitchen-1.22.0/lib/kitchen/instance.rb:157:in `verify'
E, [2019-05-31T16:44:04.447345 #61123] ERROR -- Kitchen: /opt/chefdk/embedded/lib/ruby/gems/2.5.0/gems/test-kitchen-1.22.0/lib/kitchen/instance.rb:186:in `block in test'
E, [2019-05-31T16:44:04.447367 #61123] ERROR -- Kitchen: /opt/chefdk/embedded/lib/ruby/2.5.0/benchmark.rb:293:in `measure'
E, [2019-05-31T16:44:04.447389 #61123] ERROR -- Kitchen: /opt/chefdk/embedded/lib/ruby/gems/2.5.0/gems/test-kitchen-1.22.0/lib/kitchen/instance.rb:182:in `test'
E, [2019-05-31T16:44:04.447411 #61123] ERROR -- Kitchen: /opt/chefdk/embedded/lib/ruby/gems/2.5.0/gems/test-kitchen-1.22.0/lib/kitchen/command.rb:197:in `public_send'
E, [2019-05-31T16:44:04.447436 #61123] ERROR -- Kitchen: /opt/chefdk/embedded/lib/ruby/gems/2.5.0/gems/test-kitchen-1.22.0/lib/kitchen/command.rb:197:in `run_action_in_thread'
E, [2019-05-31T16:44:04.447470 #61123] ERROR -- Kitchen: /opt/chefdk/embedded/lib/ruby/gems/2.5.0/gems/test-kitchen-1.22.0/lib/kitchen/command.rb:169:in `block (2 levels) in run_action'
E, [2019-05-31T16:44:04.447504 #61123] ERROR -- Kitchen: ----End Backtrace-----
